Copyright 1986-2022 Xilinx, Inc. All Rights Reserved. Copyright 2022-2024 Advanced Micro Devices, Inc. All Rights Reserved.
--------------------------------------------------------------------------------------------------------------------------------------------------
| Tool Version : Vivado v.2024.2 (win64) Build 5239630 Fri Nov 08 22:35:27 MST 2024
| Date         : Sun Sep 21 11:37:47 2025
| Host         : DESKTOP-UR0PACQ running 64-bit major release  (build 9200)
| Command      : report_methodology -file item_methodology_drc_routed.rpt -pb item_methodology_drc_routed.pb -rpx item_methodology_drc_routed.rpx
| Design       : item
| Device       : xc7z020clg484-1
| Speed File   : -1
| Design State : Fully Routed
--------------------------------------------------------------------------------------------------------------------------------------------------

Report Methodology

Table of Contents
-----------------
1. REPORT SUMMARY
2. REPORT DETAILS

1. REPORT SUMMARY
-----------------
            Netlist: netlist
          Floorplan: checkpoint_item
      Design limits: <entire design considered>
             Max checks: <unlimited>
             Checks found: 15
+-----------+----------+-------------------------------+--------+
| Rule      | Severity | Description                   | Checks |
+-----------+----------+-------------------------------+--------+
| TIMING-18 | Warning  | Missing input or output delay | 15     |
+-----------+----------+-------------------------------+--------+

2. REPORT DETAILS
-----------------
TIMING-18#1 Warning
Missing input or output delay  
An input delay is missing on given_data[0] relative to the rising and/or falling clock edge(s) of clk.
Related violations: <none>

TIMING-18#2 Warning
Missing input or output delay  
An input delay is missing on given_data[1] relative to the rising and/or falling clock edge(s) of clk.
Related violations: <none>

TIMING-18#3 Warning
Missing input or output delay  
An input delay is missing on given_data[2] relative to the rising and/or falling clock edge(s) of clk.
Related violations: <none>

TIMING-18#4 Warning
Missing input or output delay  
An input delay is missing on given_data[3] relative to the rising and/or falling clock edge(s) of clk.
Related violations: <none>

TIMING-18#5 Warning
Missing input or output delay  
An input delay is missing on given_data[4] relative to the rising and/or falling clock edge(s) of clk.
Related violations: <none>

TIMING-18#6 Warning
Missing input or output delay  
An input delay is missing on given_data[5] relative to the rising and/or falling clock edge(s) of clk.
Related violations: <none>

TIMING-18#7 Warning
Missing input or output delay  
An input delay is missing on reset relative to the rising and/or falling clock edge(s) of clk.
Related violations: <none>

TIMING-18#8 Warning
Missing input or output delay  
An input delay is missing on select[0] relative to the rising and/or falling clock edge(s) of clk.
Related violations: <none>

TIMING-18#9 Warning
Missing input or output delay  
An input delay is missing on select[1] relative to the rising and/or falling clock edge(s) of clk.
Related violations: <none>

TIMING-18#10 Warning
Missing input or output delay  
An output delay is missing on Result[0] relative to the rising and/or falling clock edge(s) of clk.
Related violations: <none>

TIMING-18#11 Warning
Missing input or output delay  
An output delay is missing on Result[1] relative to the rising and/or falling clock edge(s) of clk.
Related violations: <none>

TIMING-18#12 Warning
Missing input or output delay  
An output delay is missing on Result[2] relative to the rising and/or falling clock edge(s) of clk.
Related violations: <none>

TIMING-18#13 Warning
Missing input or output delay  
An output delay is missing on Result[3] relative to the rising and/or falling clock edge(s) of clk.
Related violations: <none>

TIMING-18#14 Warning
Missing input or output delay  
An output delay is missing on Result[4] relative to the rising and/or falling clock edge(s) of clk.
Related violations: <none>

TIMING-18#15 Warning
Missing input or output delay  
An output delay is missing on Result[5] relative to the rising and/or falling clock edge(s) of clk.
Related violations: <none>


